  [1m[35m (0.4ms)[0m  [1m[35mCREATE TABLE "schema_migrations" ("version" varchar NOT NULL PRIMARY KEY)[0m
  [1m[35m (0.1ms)[0m  [1m[35mCREATE TABLE "ar_internal_metadata" ("key" varchar NOT NULL PRIMARY KEY, "value" varchar, "created_at" datetime(6) NOT NULL, "updated_at" datetime(6) NOT NULL)[0m
  [1m[36mActiveRecord::InternalMetadata Load (0.1ms)[0m  [1m[34mSELECT * FROM "ar_internal_metadata" WHERE "ar_internal_metadata"."key" = ? ORDER BY "ar_internal_metadata"."key" ASC LIMIT 1[0m  [[nil, "environment"]]
  [1m[36mActiveRecord::InternalMetadata Create (0.1ms)[0m  [1m[32mINSERT INTO "ar_internal_metadata" ("key", "value", "created_at", "updated_at") VALUES ('environment', 'development', '2024-09-13 21:11:09.369533', '2024-09-13 21:11:09.369535') RETURNING "key"[0m
  [1m[36mActiveRecord::SchemaMigration Load (0.0ms)[0m  [1m[34mSELECT "schema_migrations"."version" FROM "schema_migrations" ORDER BY "schema_migrations"."version" ASC[0m
Migrating to CreateEvents (20240913205227)
  [1m[36mTRANSACTION (0.0ms)[0m  [1m[36mbegin transaction[0m
  [1m[35m (0.4ms)[0m  [1m[35mCREATE TABLE "events" ("id" integer PRIMARY KEY AUTOINCREMENT NOT NULL, "name" varchar, "description" text, "date_start" datetime(6), "date_finish" datetime(6), "total" integer, "responsable_id" integer NOT NULL, "participants" varchar, "created_at" datetime(6) NOT NULL, "updated_at" datetime(6) NOT NULL, CONSTRAINT "fk_rails_94471f695f"
FOREIGN KEY ("responsable_id")
  REFERENCES "responsables" ("id")
)[0m
  [1m[35m (0.0ms)[0m  [1m[35mCREATE INDEX "index_events_on_responsable_id" ON "events" ("responsable_id")[0m
  [1m[36mActiveRecord::SchemaMigration Create (0.0ms)[0m  [1m[32mINSERT INTO "schema_migrations" ("version") VALUES ('20240913205227') RETURNING "version"[0m
  [1m[36mTRANSACTION (0.1ms)[0m  [1m[36mcommit transaction[0m
Migrating to CreatePeople (20240913205259)
  [1m[36mTRANSACTION (0.0ms)[0m  [1m[36mbegin transaction[0m
  [1m[35m (1.2ms)[0m  [1m[35mCREATE TABLE "people" ("id" integer PRIMARY KEY AUTOINCREMENT NOT NULL, "name" varchar, "last_name" varchar, "events_id" integer NOT NULL, "created_at" datetime(6) NOT NULL, "updated_at" datetime(6) NOT NULL, CONSTRAINT "fk_rails_36323d34a6"
FOREIGN KEY ("events_id")
  REFERENCES "events" ("id")
)[0m
  [1m[35m (0.1ms)[0m  [1m[35mCREATE INDEX "index_people_on_events_id" ON "people" ("events_id")[0m
  [1m[36mActiveRecord::SchemaMigration Create (0.1ms)[0m  [1m[32mINSERT INTO "schema_migrations" ("version") VALUES ('20240913205259') RETURNING "version"[0m
  [1m[36mTRANSACTION (0.1ms)[0m  [1m[36mcommit transaction[0m
  [1m[36mActiveRecord::SchemaMigration Load (0.0ms)[0m  [1m[34mSELECT "schema_migrations"."version" FROM "schema_migrations" ORDER BY "schema_migrations"."version" ASC[0m
  [1m[36mActiveRecord::SchemaMigration Load (0.0ms)[0m  [1m[34mSELECT "schema_migrations"."version" FROM "schema_migrations" ORDER BY "schema_migrations"."version" ASC[0m
  [1m[36mActiveRecord::SchemaMigration Load (0.0ms)[0m  [1m[34mSELECT "schema_migrations"."version" FROM "schema_migrations" ORDER BY "schema_migrations"."version" ASC[0m
  [1m[36mActiveRecord::SchemaMigration Load (0.0ms)[0m  [1m[34mSELECT "schema_migrations"."version" FROM "schema_migrations" ORDER BY "schema_migrations"."version" ASC[0m
  [1m[36mActiveRecord::SchemaMigration Load (0.0ms)[0m  [1m[34mSELECT "schema_migrations"."version" FROM "schema_migrations" ORDER BY "schema_migrations"."version" ASC[0m
Started POST "/events" for 127.0.0.1 at 2024-09-13 17:24:18 -0400
  [1m[36mActiveRecord::SchemaMigration Load (0.1ms)[0m  [1m[34mSELECT "schema_migrations"."version" FROM "schema_migrations" ORDER BY "schema_migrations"."version" ASC[0m
Processing by EventsController#create as */*
  Parameters: {"name"=>"Acuario", "description"=>"Festival Delfines", "date_start"=>"10/10/2024", "date_finish"=>"10/20/2024", "total"=>50, "event"=>{"name"=>"Acuario", "description"=>"Festival Delfines", "date_start"=>"10/10/2024", "date_finish"=>"10/20/2024", "total"=>50}}
Completed 500 Internal Server Error in 21ms (ActiveRecord: 1.2ms | Allocations: 13517)


  
NameError (Missing model class Responsable for the Event#responsable association. You can specify a different model class with the :class_name option.):
  
app/controllers/events_controller.rb:20:in `create'
Started POST "/events" for 127.0.0.1 at 2024-09-13 17:25:07 -0400
  [1m[36mActiveRecord::SchemaMigration Load (0.0ms)[0m  [1m[34mSELECT "schema_migrations"."version" FROM "schema_migrations" ORDER BY "schema_migrations"."version" ASC[0m
  
ActiveRecord::PendingMigrationError (

Migrations are pending. To resolve this issue, run:

        bin/rails db:migrate

You have 1 pending migration:

db/migrate/20240913212454_create_responsables.rb


):
  
activerecord (7.1.4) lib/active_record/migration.rb:755:in `check_pending_migrations'
activerecord (7.1.4) lib/active_record/migration.rb:644:in `block (2 levels) in call'
activesupport (7.1.4) lib/active_support/file_update_checker.rb:85:in `execute'
activesupport (7.1.4) lib/active_support/file_update_checker.rb:95:in `execute_if_updated'
activerecord (7.1.4) lib/active_record/migration.rb:651:in `block in call'
activerecord (7.1.4) lib/active_record/migration.rb:641:in `synchronize'
activerecord (7.1.4) lib/active_record/migration.rb:641:in `call'
actionpack (7.1.4) lib/action_dispatch/middleware/callbacks.rb:29:in `block in call'
activesupport (7.1.4) lib/active_support/callbacks.rb:101:in `run_callbacks'
actionpack (7.1.4) lib/action_dispatch/middleware/callbacks.rb:28:in `call'
actionpack (7.1.4) lib/action_dispatch/middleware/executor.rb:14:in `call'
actionpack (7.1.4) lib/action_dispatch/middleware/actionable_exceptions.rb:16:in `call'
actionpack (7.1.4) lib/action_dispatch/middleware/debug_exceptions.rb:29:in `call'
actionpack (7.1.4) lib/action_dispatch/middleware/show_exceptions.rb:31:in `call'
railties (7.1.4) lib/rails/rack/logger.rb:37:in `call_app'
railties (7.1.4) lib/rails/rack/logger.rb:24:in `block in call'
activesupport (7.1.4) lib/active_support/tagged_logging.rb:139:in `block in tagged'
activesupport (7.1.4) lib/active_support/tagged_logging.rb:39:in `tagged'
activesupport (7.1.4) lib/active_support/tagged_logging.rb:139:in `tagged'
activesupport (7.1.4) lib/active_support/broadcast_logger.rb:241:in `method_missing'
railties (7.1.4) lib/rails/rack/logger.rb:24:in `call'
actionpack (7.1.4) lib/action_dispatch/middleware/remote_ip.rb:92:in `call'
actionpack (7.1.4) lib/action_dispatch/middleware/request_id.rb:28:in `call'
rack (3.1.7) lib/rack/runtime.rb:24:in `call'
activesupport (7.1.4) lib/active_support/cache/strategy/local_cache_middleware.rb:29:in `call'
actionpack (7.1.4) lib/action_dispatch/middleware/server_timing.rb:59:in `block in call'
actionpack (7.1.4) lib/action_dispatch/middleware/server_timing.rb:24:in `collect_events'
actionpack (7.1.4) lib/action_dispatch/middleware/server_timing.rb:58:in `call'
actionpack (7.1.4) lib/action_dispatch/middleware/executor.rb:14:in `call'
actionpack (7.1.4) lib/action_dispatch/middleware/static.rb:25:in `call'
rack (3.1.7) lib/rack/sendfile.rb:114:in `call'
actionpack (7.1.4) lib/action_dispatch/middleware/host_authorization.rb:141:in `call'
railties (7.1.4) lib/rails/engine.rb:536:in `call'
puma (6.4.2) lib/puma/configuration.rb:272:in `call'
puma (6.4.2) lib/puma/request.rb:100:in `block in handle_request'
puma (6.4.2) lib/puma/thread_pool.rb:378:in `with_force_shutdown'
puma (6.4.2) lib/puma/request.rb:99:in `handle_request'
puma (6.4.2) lib/puma/server.rb:464:in `process_client'
puma (6.4.2) lib/puma/server.rb:245:in `block in run'
puma (6.4.2) lib/puma/thread_pool.rb:155:in `block in spawn_thread'
  [1m[36mActiveRecord::InternalMetadata Load (0.2ms)[0m  [1m[34mSELECT * FROM "ar_internal_metadata" WHERE "ar_internal_metadata"."key" = ? ORDER BY "ar_internal_metadata"."key" ASC LIMIT 1[0m  [[nil, "environment"]]
  [1m[36mActiveRecord::SchemaMigration Load (0.0ms)[0m  [1m[34mSELECT "schema_migrations"."version" FROM "schema_migrations" ORDER BY "schema_migrations"."version" ASC[0m
Migrating to CreateResponsables (20240913212454)
  [1m[36mTRANSACTION (0.0ms)[0m  [1m[36mbegin transaction[0m
  [1m[35m (1.0ms)[0m  [1m[35mCREATE TABLE "responsables" ("id" integer PRIMARY KEY AUTOINCREMENT NOT NULL, "name" varchar, "last_name" varchar, "created_at" datetime(6) NOT NULL, "updated_at" datetime(6) NOT NULL)[0m
  [1m[36mActiveRecord::SchemaMigration Create (0.0ms)[0m  [1m[32mINSERT INTO "schema_migrations" ("version") VALUES ('20240913212454') RETURNING "version"[0m
  [1m[36mTRANSACTION (0.2ms)[0m  [1m[36mcommit transaction[0m
  [1m[36mActiveRecord::SchemaMigration Load (0.0ms)[0m  [1m[34mSELECT "schema_migrations"."version" FROM "schema_migrations" ORDER BY "schema_migrations"."version" ASC[0m
Started POST "/events" for 127.0.0.1 at 2024-09-13 17:25:23 -0400
  [1m[36mActiveRecord::SchemaMigration Load (0.0ms)[0m  [1m[34mSELECT "schema_migrations"."version" FROM "schema_migrations" ORDER BY "schema_migrations"."version" ASC[0m
Processing by EventsController#create as */*
  Parameters: {"name"=>"Acuario", "description"=>"Festival Delfines", "date_start"=>"10/10/2024", "date_finish"=>"10/20/2024", "total"=>50, "event"=>{"name"=>"Acuario", "description"=>"Festival Delfines", "date_start"=>"10/10/2024", "date_finish"=>"10/20/2024", "total"=>50}}
  [1m[36mTRANSACTION (0.0ms)[0m  [1m[36mbegin transaction[0m
  ↳ app/controllers/events_controller.rb:20:in `create'
  [1m[36mTRANSACTION (0.0ms)[0m  [1m[31mrollback transaction[0m
  ↳ app/controllers/events_controller.rb:20:in `create'
Completed 422 Unprocessable Content in 11ms (Views: 5.2ms | ActiveRecord: 1.8ms | Allocations: 8101)


  [1m[36mActiveRecord::SchemaMigration Load (0.0ms)[0m  [1m[34mSELECT "schema_migrations"."version" FROM "schema_migrations" ORDER BY "schema_migrations"."version" ASC[0m
Started POST "/responsable" for 127.0.0.1 at 2024-09-13 17:34:01 -0400
  
ActionController::RoutingError (uninitialized constant ResponsableController):
  
Started POST "/responsable" for 127.0.0.1 at 2024-09-13 17:34:46 -0400
  
ActionController::RoutingError (No route matches [POST] "/responsable"):
  
Started POST "/responsable" for 127.0.0.1 at 2024-09-13 17:35:06 -0400
  
ActionController::RoutingError (No route matches [POST] "/responsable"):
  
Started POST "/responsable" for 127.0.0.1 at 2024-09-13 17:35:08 -0400
  
ActionController::RoutingError (No route matches [POST] "/responsable"):
  
Started GET "/responsables" for 127.0.0.1 at 2024-09-13 17:35:40 -0400
Processing by ResponsablesController#index as */*
  Parameters: {"name"=>"Francisco", "last_name"=>"Perez", "responsable"=>{"name"=>"Francisco", "last_name"=>"Perez"}}
  [1m[36mResponsable Load (0.2ms)[0m  [1m[34mSELECT "responsables".* FROM "responsables"[0m
  ↳ app/controllers/responsables_controller.rb:7:in `index'
Completed 200 OK in 9ms (Views: 0.8ms | ActiveRecord: 1.5ms | Allocations: 3193)


Started POST "/responsables" for 127.0.0.1 at 2024-09-13 17:35:44 -0400
Processing by ResponsablesController#create as */*
  Parameters: {"name"=>"Francisco", "last_name"=>"Perez", "responsable"=>{"name"=>"Francisco", "last_name"=>"Perez"}}
Completed 500 Internal Server Error in 0ms (ActiveRecord: 0.0ms | Allocations: 109)


  
NoMethodError (undefined method `save' for nil:NilClass):
  
app/controllers/responsables_controller.rb:14:in `create'
Started POST "/responsables" for 127.0.0.1 at 2024-09-13 17:36:08 -0400
Processing by ResponsablesController#create as */*
  Parameters: {"name"=>"Francisco", "last_name"=>"Perez", "responsable"=>{"name"=>"Francisco", "last_name"=>"Perez"}}
Completed 400 Bad Request in 0ms (ActiveRecord: 1.1ms | Allocations: 151)


  
ActionController::ParameterMissing (param is missing or the value is empty: person):
  
app/controllers/responsables_controller.rb:29:in `responsable_params'
app/controllers/responsables_controller.rb:14:in `create'
Started POST "/responsables" for 127.0.0.1 at 2024-09-13 17:36:32 -0400
Processing by ResponsablesController#create as */*
  Parameters: {"name"=>"Francisco", "last_name"=>"Perez", "responsable"=>{"name"=>"Francisco", "last_name"=>"Perez"}}
  [1m[36mTRANSACTION (0.0ms)[0m  [1m[36mbegin transaction[0m
  ↳ app/controllers/responsables_controller.rb:16:in `create'
  [1m[36mResponsable Create (0.8ms)[0m  [1m[32mINSERT INTO "responsables" ("name", "last_name", "created_at", "updated_at") VALUES (?, ?, ?, ?) RETURNING "id"[0m  [["name", "Francisco"], ["last_name", "Perez"], ["created_at", "2024-09-13 21:36:32.766005"], ["updated_at", "2024-09-13 21:36:32.766005"]]
  ↳ app/controllers/responsables_controller.rb:16:in `create'
  [1m[36mTRANSACTION (0.3ms)[0m  [1m[36mcommit transaction[0m
  ↳ app/controllers/responsables_controller.rb:16:in `create'
Completed 201 Created in 5ms (Views: 0.3ms | ActiveRecord: 2.2ms | Allocations: 5382)


Started POST "/events" for 127.0.0.1 at 2024-09-13 17:36:56 -0400
Processing by EventsController#create as */*
  Parameters: {"name"=>"Acuario", "description"=>"Festival Delfines", "date_start"=>"10/10/2024", "date_finish"=>"10/20/2024", "total"=>50, "responsable"=>1, "event"=>{"name"=>"Acuario", "description"=>"Festival Delfines", "date_start"=>"10/10/2024", "date_finish"=>"10/20/2024", "total"=>50}}
Completed 422 Unprocessable Content in 3ms (Views: 0.3ms | ActiveRecord: 0.4ms | Allocations: 4283)


Started POST "/events" for 127.0.0.1 at 2024-09-13 17:36:59 -0400
Processing by EventsController#create as */*
  Parameters: {"name"=>"Acuario", "description"=>"Festival Delfines", "date_start"=>"10/10/2024", "date_finish"=>"10/20/2024", "total"=>50, "responsable"=>1, "event"=>{"name"=>"Acuario", "description"=>"Festival Delfines", "date_start"=>"10/10/2024", "date_finish"=>"10/20/2024", "total"=>50}}
Completed 422 Unprocessable Content in 3ms (Views: 0.3ms | ActiveRecord: 0.0ms | Allocations: 556)


Started GET "/responsables" for 127.0.0.1 at 2024-09-13 17:37:06 -0400
Processing by ResponsablesController#index as */*
  [1m[36mResponsable Load (0.1ms)[0m  [1m[34mSELECT "responsables".* FROM "responsables"[0m
  ↳ app/controllers/responsables_controller.rb:7:in `index'
Completed 200 OK in 1ms (Views: 0.8ms | ActiveRecord: 0.1ms | Allocations: 781)


Started POST "/events" for 127.0.0.1 at 2024-09-13 17:37:23 -0400
Processing by EventsController#create as */*
  Parameters: {"name"=>"Acuario", "description"=>"Festival Delfines", "date_start"=>"10/10/2024", "date_finish"=>"10/20/2024", "total"=>50, "responsable_id"=>1, "event"=>{"name"=>"Acuario", "description"=>"Festival Delfines", "date_start"=>"10/10/2024", "date_finish"=>"10/20/2024", "total"=>50, "responsable_id"=>1}}
  [1m[36mTRANSACTION (0.1ms)[0m  [1m[36mbegin transaction[0m
  ↳ app/controllers/events_controller.rb:20:in `create'
  [1m[36mResponsable Load (0.7ms)[0m  [1m[34mSELECT "responsables".* FROM "responsables" WHERE "responsables"."id" = ? LIMIT ?[0m  [["id", 1], ["LIMIT", 1]]
  ↳ app/controllers/events_controller.rb:20:in `create'
  [1m[36mEvent Create (0.1ms)[0m  [1m[32mINSERT INTO "events" ("name", "description", "date_start", "date_finish", "total", "responsable_id", "participants", "created_at", "updated_at") VALUES (?, ?, ?, ?, ?, ?, ?, ?, ?) RETURNING "id"[0m  [["name", "Acuario"], ["description", "Festival Delfines"], ["date_start", "2024-10-10 00:00:00"], ["date_finish", nil], ["total", 50], ["responsable_id", 1], ["participants", nil], ["created_at", "2024-09-13 21:37:23.939383"], ["updated_at", "2024-09-13 21:37:23.939383"]]
  ↳ app/controllers/events_controller.rb:20:in `create'
  [1m[36mTRANSACTION (0.3ms)[0m  [1m[36mcommit transaction[0m
  ↳ app/controllers/events_controller.rb:20:in `create'
Completed 201 Created in 11ms (Views: 0.2ms | ActiveRecord: 1.1ms | Allocations: 6368)


  [1m[36mActiveRecord::InternalMetadata Load (0.2ms)[0m  [1m[34mSELECT * FROM "ar_internal_metadata" WHERE "ar_internal_metadata"."key" = ? ORDER BY "ar_internal_metadata"."key" ASC LIMIT 1[0m  [[nil, "environment"]]
  [1m[36mActiveRecord::SchemaMigration Load (0.0ms)[0m  [1m[34mSELECT "schema_migrations"."version" FROM "schema_migrations" ORDER BY "schema_migrations"."version" ASC[0m
Migrating to CreateClients (20240913221900)
  [1m[36mTRANSACTION (0.0ms)[0m  [1m[36mbegin transaction[0m
  [1m[35m (0.4ms)[0m  [1m[35mCREATE TABLE "clients" ("id" integer PRIMARY KEY AUTOINCREMENT NOT NULL, "created_at" datetime(6) NOT NULL, "updated_at" datetime(6) NOT NULL)[0m
  [1m[36mActiveRecord::SchemaMigration Create (0.0ms)[0m  [1m[32mINSERT INTO "schema_migrations" ("version") VALUES ('20240913221900') RETURNING "version"[0m
  [1m[36mTRANSACTION (0.2ms)[0m  [1m[36mcommit transaction[0m
Migrating to CreateReservations (20240913223426)
  [1m[36mTRANSACTION (0.0ms)[0m  [1m[36mbegin transaction[0m
  [1m[35m (0.4ms)[0m  [1m[35mCREATE TABLE "reservations" ("id" integer PRIMARY KEY AUTOINCREMENT NOT NULL, "client_id" integer NOT NULL, "event_id" integer NOT NULL, "confirmation" boolean, "created_at" datetime(6) NOT NULL, "updated_at" datetime(6) NOT NULL, CONSTRAINT "fk_rails_9c963d6879"
FOREIGN KEY ("client_id")
  REFERENCES "clients" ("id")
, CONSTRAINT "fk_rails_af7a37539f"
FOREIGN KEY ("event_id")
  REFERENCES "events" ("id")
)[0m
  [1m[35m (0.0ms)[0m  [1m[35mCREATE INDEX "index_reservations_on_client_id" ON "reservations" ("client_id")[0m
  [1m[35m (0.0ms)[0m  [1m[35mCREATE INDEX "index_reservations_on_event_id" ON "reservations" ("event_id")[0m
  [1m[36mActiveRecord::SchemaMigration Create (0.0ms)[0m  [1m[32mINSERT INTO "schema_migrations" ("version") VALUES ('20240913223426') RETURNING "version"[0m
  [1m[36mTRANSACTION (0.1ms)[0m  [1m[36mcommit transaction[0m
  [1m[36mActiveRecord::SchemaMigration Load (0.0ms)[0m  [1m[34mSELECT "schema_migrations"."version" FROM "schema_migrations" ORDER BY "schema_migrations"."version" ASC[0m
  [1m[36mActiveRecord::InternalMetadata Load (0.2ms)[0m  [1m[34mSELECT * FROM "ar_internal_metadata" WHERE "ar_internal_metadata"."key" = ? ORDER BY "ar_internal_metadata"."key" ASC LIMIT 1[0m  [[nil, "environment"]]
  [1m[36mActiveRecord::SchemaMigration Load (0.0ms)[0m  [1m[34mSELECT "schema_migrations"."version" FROM "schema_migrations" ORDER BY "schema_migrations"."version" ASC[0m
Migrating to ChangeColumns (20240913223732)
  [1m[36mTRANSACTION (0.0ms)[0m  [1m[36mbegin transaction[0m
  [1m[35m (0.7ms)[0m  [1m[35mALTER TABLE "clients" ADD "name" varchar[0m
  [1m[35m (0.1ms)[0m  [1m[35mALTER TABLE "clients" ADD "last_name" varchar[0m
  [1m[36mTRANSACTION (0.0ms)[0m  [1m[31mrollback transaction[0m
  [1m[36mActiveRecord::InternalMetadata Load (0.2ms)[0m  [1m[34mSELECT * FROM "ar_internal_metadata" WHERE "ar_internal_metadata"."key" = ? ORDER BY "ar_internal_metadata"."key" ASC LIMIT 1[0m  [[nil, "environment"]]
  [1m[36mActiveRecord::SchemaMigration Load (0.0ms)[0m  [1m[34mSELECT "schema_migrations"."version" FROM "schema_migrations" ORDER BY "schema_migrations"."version" ASC[0m
Migrating to ChangeColumns (20240913223732)
  [1m[36mTRANSACTION (0.0ms)[0m  [1m[36mbegin transaction[0m
  [1m[35m (0.4ms)[0m  [1m[35mALTER TABLE "clients" ADD "name" varchar[0m
  [1m[35m (0.1ms)[0m  [1m[35mALTER TABLE "clients" ADD "last_name" varchar[0m
  [1m[36mTRANSACTION (0.0ms)[0m  [1m[31mrollback transaction[0m
  [1m[36mActiveRecord::InternalMetadata Load (0.2ms)[0m  [1m[34mSELECT * FROM "ar_internal_metadata" WHERE "ar_internal_metadata"."key" = ? ORDER BY "ar_internal_metadata"."key" ASC LIMIT 1[0m  [[nil, "environment"]]
  [1m[36mActiveRecord::SchemaMigration Load (0.0ms)[0m  [1m[34mSELECT "schema_migrations"."version" FROM "schema_migrations" ORDER BY "schema_migrations"."version" ASC[0m
Migrating to ChangeColumns (20240913223732)
  [1m[36mTRANSACTION (0.0ms)[0m  [1m[36mbegin transaction[0m
  [1m[35m (0.5ms)[0m  [1m[35mALTER TABLE "clients" ADD "name" varchar[0m
  [1m[35m (0.1ms)[0m  [1m[35mALTER TABLE "clients" ADD "last_name" varchar[0m
  [1m[36mTRANSACTION (0.0ms)[0m  [1m[31mrollback transaction[0m
  [1m[36mActiveRecord::InternalMetadata Load (0.2ms)[0m  [1m[34mSELECT * FROM "ar_internal_metadata" WHERE "ar_internal_metadata"."key" = ? ORDER BY "ar_internal_metadata"."key" ASC LIMIT 1[0m  [[nil, "environment"]]
  [1m[36mActiveRecord::SchemaMigration Load (0.0ms)[0m  [1m[34mSELECT "schema_migrations"."version" FROM "schema_migrations" ORDER BY "schema_migrations"."version" ASC[0m
Migrating to ChangeColumns (20240913223732)
  [1m[36mTRANSACTION (0.0ms)[0m  [1m[36mbegin transaction[0m
  [1m[35m (0.4ms)[0m  [1m[35mALTER TABLE "clients" ADD "name" varchar[0m
  [1m[35m (0.1ms)[0m  [1m[35mALTER TABLE "clients" ADD "last_name" varchar[0m
  [1m[35m (0.1ms)[0m  [1m[35mALTER TABLE "events" ADD "reservations" references[0m
  [1m[36mTRANSACTION (0.0ms)[0m  [1m[31mrollback transaction[0m
  [1m[36mActiveRecord::InternalMetadata Load (0.2ms)[0m  [1m[34mSELECT * FROM "ar_internal_metadata" WHERE "ar_internal_metadata"."key" = ? ORDER BY "ar_internal_metadata"."key" ASC LIMIT 1[0m  [[nil, "environment"]]
  [1m[36mActiveRecord::SchemaMigration Load (0.0ms)[0m  [1m[34mSELECT "schema_migrations"."version" FROM "schema_migrations" ORDER BY "schema_migrations"."version" ASC[0m
Migrating to ChangeColumns (20240913223732)
  [1m[36mTRANSACTION (0.0ms)[0m  [1m[36mbegin transaction[0m
  [1m[35m (0.5ms)[0m  [1m[35mALTER TABLE "clients" ADD "name" varchar[0m
  [1m[35m (0.1ms)[0m  [1m[35mALTER TABLE "clients" ADD "last_name" varchar[0m
  [1m[35m (0.1ms)[0m  [1m[35mALTER TABLE "events" ADD "reservations" references[0m
  [1m[36mTRANSACTION (0.0ms)[0m  [1m[31mrollback transaction[0m
  [1m[36mActiveRecord::InternalMetadata Load (0.2ms)[0m  [1m[34mSELECT * FROM "ar_internal_metadata" WHERE "ar_internal_metadata"."key" = ? ORDER BY "ar_internal_metadata"."key" ASC LIMIT 1[0m  [[nil, "environment"]]
  [1m[36mActiveRecord::SchemaMigration Load (0.0ms)[0m  [1m[34mSELECT "schema_migrations"."version" FROM "schema_migrations" ORDER BY "schema_migrations"."version" ASC[0m
Migrating to ChangeColumns (20240913223732)
  [1m[36mTRANSACTION (0.0ms)[0m  [1m[36mbegin transaction[0m
  [1m[35m (0.4ms)[0m  [1m[35mALTER TABLE "clients" ADD "name" varchar[0m
  [1m[35m (0.1ms)[0m  [1m[35mALTER TABLE "clients" ADD "last_name" varchar[0m
  [1m[36mActiveRecord::SchemaMigration Create (0.0ms)[0m  [1m[32mINSERT INTO "schema_migrations" ("version") VALUES ('20240913223732') RETURNING "version"[0m
  [1m[36mTRANSACTION (0.2ms)[0m  [1m[36mcommit transaction[0m
  [1m[36mActiveRecord::SchemaMigration Load (0.0ms)[0m  [1m[34mSELECT "schema_migrations"."version" FROM "schema_migrations" ORDER BY "schema_migrations"."version" ASC[0m
  [1m[36mActiveRecord::InternalMetadata Load (0.2ms)[0m  [1m[34mSELECT * FROM "ar_internal_metadata" WHERE "ar_internal_metadata"."key" = ? ORDER BY "ar_internal_metadata"."key" ASC LIMIT 1[0m  [[nil, "environment"]]
  [1m[36mActiveRecord::SchemaMigration Load (0.0ms)[0m  [1m[34mSELECT "schema_migrations"."version" FROM "schema_migrations" ORDER BY "schema_migrations"."version" ASC[0m
Migrating to AddReferencesColumns (20240913225014)
  [1m[36mEvent Load (0.3ms)[0m  [1m[34mSELECT "events".* FROM "events" /* loading for pp */ LIMIT ?[0m  [["LIMIT", 11]]
  [1m[36mEvent Load (0.3ms)[0m  [1m[34mSELECT "events".* FROM "events"[0m
  [1m[36mTRANSACTION (0.1ms)[0m  [1m[36mbegin transaction[0m
  [1m[36mEvent Destroy (1.0ms)[0m  [1m[31mDELETE FROM "events" WHERE "events"."id" = ?[0m  [["id", 1]]
  [1m[36mTRANSACTION (0.6ms)[0m  [1m[36mcommit transaction[0m
  [1m[36mEvent Load (0.2ms)[0m  [1m[34mSELECT "events".* FROM "events" /* loading for pp */ LIMIT ?[0m  [["LIMIT", 11]]
  [1m[36mActiveRecord::InternalMetadata Load (0.1ms)[0m  [1m[34mSELECT * FROM "ar_internal_metadata" WHERE "ar_internal_metadata"."key" = ? ORDER BY "ar_internal_metadata"."key" ASC LIMIT 1[0m  [[nil, "environment"]]
  [1m[36mActiveRecord::SchemaMigration Load (0.0ms)[0m  [1m[34mSELECT "schema_migrations"."version" FROM "schema_migrations" ORDER BY "schema_migrations"."version" ASC[0m
Migrating to AddReferencesColumns (20240913225014)
  [1m[36mTRANSACTION (0.0ms)[0m  [1m[36mbegin transaction[0m
  [1m[35m (0.0ms)[0m  [1m[35mPRAGMA foreign_keys[0m
  [1m[35m (0.0ms)[0m  [1m[35mPRAGMA defer_foreign_keys[0m
  [1m[35m (0.0ms)[0m  [1m[35mPRAGMA defer_foreign_keys = ON[0m
  [1m[35m (0.0ms)[0m  [1m[35mPRAGMA foreign_keys = OFF[0m
  [1m[35m (0.1ms)[0m  [1m[35mCREATE TEMPORARY TABLE "aevents" ("id" integer PRIMARY KEY AUTOINCREMENT NOT NULL, "name" varchar DEFAULT NULL, "description" text DEFAULT NULL, "date_start" datetime(6) DEFAULT NULL, "date_finish" datetime(6) DEFAULT NULL, "total" integer DEFAULT NULL, "responsable_id" integer NOT NULL, "participants" varchar DEFAULT NULL, "created_at" datetime(6) NOT NULL, "updated_at" datetime(6) NOT NULL)[0m
  [1m[35m (0.0ms)[0m  [1m[35mCREATE INDEX "tindex_aevents_on_responsable_id" ON "aevents" ("responsable_id")[0m
  [1m[35m (0.2ms)[0m  [1m[32mINSERT INTO "aevents" ("id","name","description","date_start","date_finish","total","responsable_id","participants","created_at","updated_at")
                     SELECT "id","name","description","date_start","date_finish","total","responsable_id","participants","created_at","updated_at" FROM "events"[0m
  [1m[35m (0.1ms)[0m  [1m[35mDROP TABLE "events"[0m
  [1m[35m (0.0ms)[0m  [1m[35mCREATE TABLE "events" ("id" integer PRIMARY KEY AUTOINCREMENT NOT NULL, "name" varchar DEFAULT NULL, "description" text DEFAULT NULL, "date_start" datetime(6) DEFAULT NULL, "date_finish" datetime(6) DEFAULT NULL, "total" integer DEFAULT NULL, "responsable_id" integer NOT NULL, "created_at" datetime(6) NOT NULL, "updated_at" datetime(6) NOT NULL, CONSTRAINT "fk_rails_94471f695f"
FOREIGN KEY ("responsable_id")
  REFERENCES "responsables" ("id")
)[0m
  [1m[35m (0.0ms)[0m  [1m[35mCREATE INDEX "index_events_on_responsable_id" ON "events" ("responsable_id")[0m
  [1m[35m (0.0ms)[0m  [1m[32mINSERT INTO "events" ("id","name","description","date_start","date_finish","total","responsable_id","created_at","updated_at")
                     SELECT "id","name","description","date_start","date_finish","total","responsable_id","created_at","updated_at" FROM "aevents"[0m
  [1m[35m (0.0ms)[0m  [1m[35mDROP TABLE "aevents"[0m
  [1m[35m (0.0ms)[0m  [1m[35mPRAGMA defer_foreign_keys = 0[0m
  [1m[35m (0.0ms)[0m  [1m[35mPRAGMA foreign_keys = 1[0m
  [1m[36mActiveRecord::SchemaMigration Create (0.1ms)[0m  [1m[32mINSERT INTO "schema_migrations" ("version") VALUES ('20240913225014') RETURNING "version"[0m
  [1m[36mTRANSACTION (0.1ms)[0m  [1m[36mcommit transaction[0m
  [1m[36mActiveRecord::SchemaMigration Load (0.0ms)[0m  [1m[34mSELECT "schema_migrations"."version" FROM "schema_migrations" ORDER BY "schema_migrations"."version" ASC[0m
  [1m[36mActiveRecord::InternalMetadata Load (0.1ms)[0m  [1m[34mSELECT * FROM "ar_internal_metadata" WHERE "ar_internal_metadata"."key" = ? ORDER BY "ar_internal_metadata"."key" ASC LIMIT 1[0m  [[nil, "environment"]]
  [1m[36mActiveRecord::SchemaMigration Load (0.2ms)[0m  [1m[34mSELECT "schema_migrations"."version" FROM "schema_migrations" ORDER BY "schema_migrations"."version" ASC[0m
Migrating to AddReferenceReservationsToEvent (20240913225735)
  [1m[36mActiveRecord::InternalMetadata Load (0.1ms)[0m  [1m[34mSELECT * FROM "ar_internal_metadata" WHERE "ar_internal_metadata"."key" = ? ORDER BY "ar_internal_metadata"."key" ASC LIMIT 1[0m  [[nil, "environment"]]
  [1m[36mActiveRecord::SchemaMigration Load (0.2ms)[0m  [1m[34mSELECT "schema_migrations"."version" FROM "schema_migrations" ORDER BY "schema_migrations"."version" ASC[0m
Migrating to AddReferenceReservationsToEvent (20240913225735)
  [1m[36mActiveRecord::InternalMetadata Load (0.1ms)[0m  [1m[34mSELECT * FROM "ar_internal_metadata" WHERE "ar_internal_metadata"."key" = ? ORDER BY "ar_internal_metadata"."key" ASC LIMIT 1[0m  [[nil, "environment"]]
  [1m[36mActiveRecord::SchemaMigration Load (0.2ms)[0m  [1m[34mSELECT "schema_migrations"."version" FROM "schema_migrations" ORDER BY "schema_migrations"."version" ASC[0m
Migrating to AddReferenceReservationsToEvent (20240913225735)
  [1m[36mActiveRecord::InternalMetadata Load (0.1ms)[0m  [1m[34mSELECT * FROM "ar_internal_metadata" WHERE "ar_internal_metadata"."key" = ? ORDER BY "ar_internal_metadata"."key" ASC LIMIT 1[0m  [[nil, "environment"]]
  [1m[36mActiveRecord::SchemaMigration Load (0.2ms)[0m  [1m[34mSELECT "schema_migrations"."version" FROM "schema_migrations" ORDER BY "schema_migrations"."version" ASC[0m
Migrating to AddReferenceReservationsToEvent (20240913225735)
  [1m[36mTRANSACTION (0.0ms)[0m  [1m[36mbegin transaction[0m
  [1m[35m (0.5ms)[0m  [1m[35mALTER TABLE "events" ADD "reservations_id" integer[0m
  [1m[35m (0.0ms)[0m  [1m[35mCREATE INDEX "index_events_on_reservations_id" ON "events" ("reservations_id")[0m
  [1m[35m (0.1ms)[0m  [1m[35mALTER TABLE "clients" ADD "reservations_id" integer[0m
  [1m[35m (0.0ms)[0m  [1m[35mCREATE INDEX "index_clients_on_reservations_id" ON "clients" ("reservations_id")[0m
  [1m[36mActiveRecord::SchemaMigration Create (0.0ms)[0m  [1m[32mINSERT INTO "schema_migrations" ("version") VALUES ('20240913225735') RETURNING "version"[0m
  [1m[36mTRANSACTION (0.2ms)[0m  [1m[36mcommit transaction[0m
  [1m[36mActiveRecord::SchemaMigration Load (0.0ms)[0m  [1m[34mSELECT "schema_migrations"."version" FROM "schema_migrations" ORDER BY "schema_migrations"."version" ASC[0m
